[debug] [2022-02-12T14:08:53.340Z] ----------------------------------------------------------------------
[debug] [2022-02-12T14:08:53.342Z] Command:       /usr/local/bin/node /usr/local/bin/firebase deploy --only storage --debug
[debug] [2022-02-12T14:08:53.342Z] CLI Version:   10.1.4
[debug] [2022-02-12T14:08:53.342Z] Platform:      darwin
[debug] [2022-02-12T14:08:53.342Z] Node Version:  v14.17.4
[debug] [2022-02-12T14:08:53.343Z] Time:          Sat Feb 12 2022 15:08:53 GMT+0100 (centraleuropeisk normaltid)
[debug] [2022-02-12T14:08:53.343Z] ----------------------------------------------------------------------
[debug] 
[debug] [2022-02-12T14:08:53.399Z] > command requires scopes: ["email","openid","https://www.googleapis.com/auth/cloudplatformprojects.readonly","https://www.googleapis.com/auth/firebase","https://www.googleapis.com/auth/cloud-platform"]
[debug] [2022-02-12T14:08:53.400Z] > authorizing via signed-in user (louiestokk@gmail.com)
[debug] [2022-02-12T14:08:53.400Z] [iam] checking project food-a14ec for permissions ["firebase.projects.get","firebaserules.releases.create","firebaserules.releases.update","firebaserules.rulesets.create"]
[debug] [2022-02-12T14:08:53.402Z] >>> [apiv2][query] POST https://cloudresourcemanager.googleapis.com/v1/projects/food-a14ec:testIamPermissions [none]
[debug] [2022-02-12T14:08:53.403Z] >>> [apiv2][body] POST https://cloudresourcemanager.googleapis.com/v1/projects/food-a14ec:testIamPermissions {"permissions":["firebase.projects.get","firebaserules.releases.create","firebaserules.releases.update","firebaserules.rulesets.create"]}
[debug] [2022-02-12T14:08:55.149Z] <<< [apiv2][status] POST https://cloudresourcemanager.googleapis.com/v1/projects/food-a14ec:testIamPermissions 200
[debug] [2022-02-12T14:08:55.150Z] <<< [apiv2][body] POST https://cloudresourcemanager.googleapis.com/v1/projects/food-a14ec:testIamPermissions {"permissions":["firebase.projects.get","firebaserules.releases.create","firebaserules.releases.update","firebaserules.rulesets.create"]}
[info] 
[info] === Deploying to 'food-a14ec'...
[info] 
[info] i  deploying storage 
[debug] [2022-02-12T14:08:55.154Z] >>> [apiv2][query] GET https://appengine.googleapis.com/v1/apps/food-a14ec [none]
[debug] [2022-02-12T14:08:56.602Z] <<< [apiv2][status] GET https://appengine.googleapis.com/v1/apps/food-a14ec 200
[debug] [2022-02-12T14:08:56.602Z] <<< [apiv2][body] GET https://appengine.googleapis.com/v1/apps/food-a14ec {"name":"apps/food-a14ec","id":"food-a14ec","authDomain":"gmail.com","locationId":"europe-west","codeBucket":"staging.food-a14ec.appspot.com","servingStatus":"SERVING","defaultHostname":"food-a14ec.ew.r.appspot.com","defaultBucket":"food-a14ec.appspot.com","serviceAccount":"food-a14ec@appspot.gserviceaccount.com","gcrDomain":"eu.gcr.io","databaseType":"CLOUD_FIRESTORE","featureSettings":{"splitHealthChecks":true,"useContainerOptimizedOs":true}}
[info] i  firebase.storage: checking storage.rules for compilation errors... 
[debug] [2022-02-12T14:08:56.607Z] >>> [apiv2][query] POST https://firebaserules.googleapis.com/v1/projects/food-a14ec:test [none]
[debug] [2022-02-12T14:08:56.607Z] >>> [apiv2][body] POST https://firebaserules.googleapis.com/v1/projects/food-a14ec:test [omitted]
[debug] [2022-02-12T14:08:57.833Z] <<< [apiv2][status] POST https://firebaserules.googleapis.com/v1/projects/food-a14ec:test 200
[debug] [2022-02-12T14:08:57.835Z] <<< [apiv2][body] POST https://firebaserules.googleapis.com/v1/projects/food-a14ec:test {}
[info] ✔  firebase.storage: rules file storage.rules compiled successfully 
[debug] [2022-02-12T14:08:57.842Z] >>> [apiv2][query] GET https://firebaserules.googleapis.com/v1/projects/food-a14ec/releases pageSize=10&pageToken=
[debug] [2022-02-12T14:08:58.855Z] <<< [apiv2][status] GET https://firebaserules.googleapis.com/v1/projects/food-a14ec/releases 200
[debug] [2022-02-12T14:08:58.856Z] <<< [apiv2][body] GET https://firebaserules.googleapis.com/v1/projects/food-a14ec/releases {"releases":[{"name":"projects/food-a14ec/releases/cloud.firestore","rulesetName":"projects/food-a14ec/rulesets/4d5223f3-e7f0-4c58-af2a-db42d57d2f69","createTime":"2022-02-12T14:05:47.533169Z","updateTime":"2022-02-12T14:05:47.533169Z"},{"name":"projects/food-a14ec/releases/firebase.storage/food-a14ec.appspot.com","rulesetName":"projects/food-a14ec/rulesets/53ceff3c-a795-4457-a6fc-c1b90989bc88","createTime":"2022-02-10T15:05:18.823942Z","updateTime":"2022-02-10T15:05:18.823942Z"}]}
[debug] [2022-02-12T14:08:58.859Z] >>> [apiv2][query] GET https://firebaserules.googleapis.com/v1/projects/food-a14ec/rulesets/53ceff3c-a795-4457-a6fc-c1b90989bc88 [none]
[debug] [2022-02-12T14:08:59.981Z] <<< [apiv2][status] GET https://firebaserules.googleapis.com/v1/projects/food-a14ec/rulesets/53ceff3c-a795-4457-a6fc-c1b90989bc88 200
[debug] [2022-02-12T14:08:59.982Z] <<< [apiv2][body] GET https://firebaserules.googleapis.com/v1/projects/food-a14ec/rulesets/53ceff3c-a795-4457-a6fc-c1b90989bc88 [omitted]
[info] i  storage: uploading rules storage.rules... 
[debug] [2022-02-12T14:08:59.986Z] >>> [apiv2][query] POST https://firebaserules.googleapis.com/v1/projects/food-a14ec/rulesets [none]
[debug] [2022-02-12T14:08:59.986Z] >>> [apiv2][body] POST https://firebaserules.googleapis.com/v1/projects/food-a14ec/rulesets [omitted]
[debug] [2022-02-12T14:09:01.109Z] <<< [apiv2][status] POST https://firebaserules.googleapis.com/v1/projects/food-a14ec/rulesets 200
[debug] [2022-02-12T14:09:01.110Z] <<< [apiv2][body] POST https://firebaserules.googleapis.com/v1/projects/food-a14ec/rulesets {"name":"projects/food-a14ec/rulesets/228ec2d7-a39a-4ce3-ac78-2963e0b98b52","source":{"files":[{"content":"rules_version = '2';\nservice firebase.storage {\n  match /b/{bucket}/o {\n    match /{allPaths=**} {\n      allow read, write: if request.auth!=null;\n    }\n  }\n}\n","name":"storage.rules"}]},"createTime":"2022-02-12T14:09:01.279055Z","metadata":{"services":["firebase.storage"]}}
[debug] [2022-02-12T14:09:01.110Z] [rules] created ruleset projects/food-a14ec/rulesets/228ec2d7-a39a-4ce3-ac78-2963e0b98b52
[debug] [2022-02-12T14:09:01.112Z] [rules] releasing firebase.storage/food-a14ec.appspot.com with ruleset projects/food-a14ec/rulesets/228ec2d7-a39a-4ce3-ac78-2963e0b98b52
[debug] [2022-02-12T14:09:01.113Z] >>> [apiv2][query] PATCH https://firebaserules.googleapis.com/v1/projects/food-a14ec/releases/firebase.storage/food-a14ec.appspot.com [none]
[debug] [2022-02-12T14:09:01.113Z] >>> [apiv2][body] PATCH https://firebaserules.googleapis.com/v1/projects/food-a14ec/releases/firebase.storage/food-a14ec.appspot.com {"release":{"name":"projects/food-a14ec/releases/firebase.storage/food-a14ec.appspot.com","rulesetName":"projects/food-a14ec/rulesets/228ec2d7-a39a-4ce3-ac78-2963e0b98b52"}}
[debug] [2022-02-12T14:09:02.227Z] <<< [apiv2][status] PATCH https://firebaserules.googleapis.com/v1/projects/food-a14ec/releases/firebase.storage/food-a14ec.appspot.com 200
[debug] [2022-02-12T14:09:02.228Z] <<< [apiv2][body] PATCH https://firebaserules.googleapis.com/v1/projects/food-a14ec/releases/firebase.storage/food-a14ec.appspot.com {"name":"projects/food-a14ec/releases/firebase.storage/food-a14ec.appspot.com","rulesetName":"projects/food-a14ec/rulesets/228ec2d7-a39a-4ce3-ac78-2963e0b98b52","createTime":"2022-02-10T15:05:18.823942Z","updateTime":"2022-02-12T14:09:02.465529Z"}
[debug] [2022-02-12T14:09:02.228Z] [rules] updated release projects/food-a14ec/releases/firebase.storage/food-a14ec.appspot.com
[info] ✔  storage: released rules storage.rules to firebase.storage 
[info] 
[info] ✔  Deploy complete! 
[info] 
[info] Project Console: https://console.firebase.google.com/project/food-a14ec/overview
